<?xml version="1.0" encoding="UTF-8"?>
<testng-results ignored="0" total="1" passed="1" failed="0" skipped="0">
  <reporter-output>
  </reporter-output>
  <suite started-at="2023-11-30T23:16:47 IST" name="Default suite" finished-at="2023-11-30T23:17:11 IST" duration-ms="23693">
    <groups>
    </groups>
    <test started-at="2023-11-30T23:16:47 IST" name="Default test" finished-at="2023-11-30T23:17:11 IST" duration-ms="23693">
      <class name="testpkg.Automationexercise">
        <test-method is-config="true" signature="setUp()[pri:0, instance:testpkg.Automationexercise@506ae4d4]" started-at="2023-11-30T23:16:47 IST" name="setUp" finished-at="2023-11-30T23:17:04 IST" duration-ms="16811" status="PASS">
          <reporter-output>
          </reporter-output>
        </test-method> <!-- setUp -->
        <test-method signature="signuppage()[pri:0, instance:testpkg.Automationexercise@506ae4d4]" started-at="2023-11-30T23:17:04 IST" name="signuppage" finished-at="2023-11-30T23:17:11 IST" duration-ms="6806" status="PASS">
          <reporter-output>
          </reporter-output>
        </test-method> <!-- signuppage -->
      </class> <!-- testpkg.Automationexercise -->
    </test> <!-- Default test -->
  </suite> <!-- Default suite -->
</testng-results>
